[debug] ----------------------------------------------------------------------
[debug] Command:      node /usr/bin/firebase serve
[debug] CLI Version:  3.0.0
[debug] Platform:     linux
[debug] Node Version: v0.12.14
[debug] Time:         Sat May 28 2016 17:44:39 GMT-0500 (PET)
[debug] ----------------------------------------------------------------------
[debug] 
[info] Starting Firebase development server...
[info] 
[info] Project Directory: /home/carlos/semana_1_hackspace
[info] Public Directory: ./
[info] 
[info] Server listening at: http://localhost:5000
[debug] ----------------------------------------------------------------------
[debug] Command:      node /usr/bin/firebase serve
[debug] CLI Version:  3.0.0
[debug] Platform:     linux
[debug] Node Version: v0.12.14
[debug] Time:         Sat May 28 2016 23:42:33 GMT-0500 (PET)
[debug] ----------------------------------------------------------------------
[debug] 
[info] Starting Firebase development server...
[info] 
[info] Project Directory: /home/carlos/reloj_hackspace
[info] Public Directory: ./
[info] 
[info] Server listening at: http://localhost:5000
[debug] ----------------------------------------------------------------------
[debug] Command:      C:\Program Files\nodejs\node.exe C:\Users\Elizabeth\AppData\Roaming\npm\node_modules\firebase-tools\bin\firebase serve
[debug] CLI Version:  3.2.2
[debug] Platform:     win32
[debug] Node Version: v6.9.5
[debug] Time:         Sat Feb 11 2017 16:43:22 GMT-0800 (Hora estándar del Pacífico)
[debug] ----------------------------------------------------------------------
[debug] 
[info] Starting Firebase development server...
[info] 
[info] Project Directory: C:\Users\Elizabeth\Documents\GitHub\hackspace\reloj_hackspace
[info] Public Directory: ./
[info] 
[info] Server listening at: http://localhost:5000
[debug] ----------------------------------------------------------------------
[debug] Command:      C:\Program Files\nodejs\node.exe C:\Users\Elizabeth\AppData\Roaming\npm\node_modules\firebase-tools\bin\firebase serve
[debug] CLI Version:  3.2.2
[debug] Platform:     win32
[debug] Node Version: v6.9.5
[debug] Time:         Sat Feb 11 2017 18:28:22 GMT-0800 (Hora estándar del Pacífico)
[debug] ----------------------------------------------------------------------
[debug] 
[info] Starting Firebase development server...
[info] 
[info] Project Directory: C:\Users\Elizabeth\Documents\GitHub\hackspace\reloj_hackspace
[info] Public Directory: ./
[info] 
[info] Server listening at: http://localhost:5000
