[debug] ----------------------------------------------------------------------
[debug] Command:      C:\Program Files\nodejs\node.exe C:\Users\Elizabeth\AppData\Roaming\npm\node_modules\firebase-tools\bin\firebase serve
[debug] CLI Version:  3.2.2
[debug] Platform:     win32
[debug] Node Version: v6.9.5
[debug] Time:         Thu Feb 09 2017 14:19:11 GMT-0800 (Hora estándar del Pacífico)
[debug] ----------------------------------------------------------------------
[debug] 
[info] Starting Firebase development server...
[info] 
[info] Project Directory: C:\Users\Elizabeth\Desktop\Código_de_Ejemplo_01\asincrono_hackspace
[info] Public Directory: ./
[info] 
[info] Server listening at: http://localhost:5000
[debug] ----------------------------------------------------------------------
[debug] Command:      C:\Program Files\nodejs\node.exe C:\Users\Elizabeth\AppData\Roaming\npm\node_modules\firebase-tools\bin\firebase serve
[debug] CLI Version:  3.2.2
[debug] Platform:     win32
[debug] Node Version: v6.9.5
[debug] Time:         Sat Feb 11 2017 14:58:42 GMT-0800 (Hora estándar del Pacífico)
[debug] ----------------------------------------------------------------------
[debug] 
[info] Starting Firebase development server...
[info] 
[info] Project Directory: C:\Users\Elizabeth\Documents\GitHub\hackspace\ajaxproject
[info] Public Directory: ./
[info] 
[info] Server listening at: http://localhost:5000
